073C .START (2018-03-28 19:56:02) phpCAS-1.3.5+ ****************** [CAS.php:468]
073C .=> phpCAS::client('2.0', 'cas.example.com', 443, '/cas') [example.php:28]
073C .|    => CAS_Client::__construct('2.0', false, 'cas.example.com', 443, '/cas', true) [CAS.php:360]
073C .|    |    Starting a new session jklvdr7mvc3220sap117njrho7 [Client.php:932]
073C .|    |    Session is not authenticated [Client.php:938]
073C .|    <= ''
073C .<= ''
073C .=> phpCAS::setNoCasServerValidation() [example.php:37]
073C .|    You have configured no validation of the legitimacy of the cas server. This is not recommended for production use. [CAS.php:1644]
073C .<= ''
073C .=> phpCAS::forceAuthentication() [example.php:40]
073C .|    => CAS_Client::forceAuthentication() [CAS.php:1098]
073C .|    |    => CAS_Client::isAuthenticated() [Client.php:1280]
073C .|    |    |    => CAS_Client::_wasPreviouslyAuthenticated() [Client.php:1393]
073C .|    |    |    |    no user found [Client.php:1635]
073C .|    |    |    <= false
073C .|    |    |    no ticket found [Client.php:1494]
073C .|    |    <= false
073C .|    |    => CAS_Client::redirectToCas(false) [Client.php:1289]
073C .|    |    |    => CAS_Client::getServerLoginURL(false, false) [Client.php:1656]
073C .|    |    |    |    => CAS_Client::getURL() [Client.php:342]
073C .|    |    |    |    |    Final URI: http://localhost/phpCas-master/php/example.php [Client.php:3548]
073C .|    |    |    |    <= 'http://localhost/phpCas-master/php/example.php'
073C .|    |    |    <= 'https://cas.example.com/cas/login?service=http%3A%2F%2Flocalhost%2FphpCas-master%2Fphp%2Fexample.php'
073C .|    |    |    Redirect to : https://cas.example.com/cas/login?service=http%3A%2F%2Flocalhost%2FphpCas-master%2Fphp%2Fexample.php [Client.php:1663]
073C .|    |    |    exit()
073C .|    |    |    -
073C .|    |    -
073C .|    -
